{"/Users/nagaraj/loopback-getting-started/test/test.js":{"path":"/Users/nagaraj/loopback-getting-started/test/test.js","s":{"1":1,"2":1,"3":0,"4":0,"5":0,"6":0,"7":0,"8":0,"9":0,"10":0,"11":0,"12":0,"13":0},"b":{"1":[0,0]},"f":{"1":0,"2":0,"3":0,"4":0,"5":0,"6":0},"fnMap":{"1":{"name":"(anonymous_1)","line":5,"loc":{"start":{"line":5,"column":31},"end":{"line":5,"column":42}}},"2":{"name":"(anonymous_2)","line":6,"loc":{"start":{"line":6,"column":20},"end":{"line":6,"column":31}}},"3":{"name":"(anonymous_3)","line":7,"loc":{"start":{"line":7,"column":34},"end":{"line":7,"column":49}}},"4":{"name":"(anonymous_4)","line":8,"loc":{"start":{"line":8,"column":28},"end":{"line":8,"column":60}}},"5":{"name":"(anonymous_5)","line":16,"loc":{"start":{"line":16,"column":30},"end":{"line":16,"column":45}}},"6":{"name":"(anonymous_6)","line":17,"loc":{"start":{"line":17,"column":28},"end":{"line":17,"column":60}}}},"statementMap":{"1":{"start":{"line":1,"column":0},"end":{"line":3,"column":40}},"2":{"start":{"line":5,"column":0},"end":{"line":30,"column":3}},"3":{"start":{"line":6,"column":2},"end":{"line":29,"column":5}},"4":{"start":{"line":7,"column":4},"end":{"line":13,"column":7}},"5":{"start":{"line":8,"column":6},"end":{"line":12,"column":9}},"6":{"start":{"line":10,"column":8},"end":{"line":10,"column":47}},"7":{"start":{"line":11,"column":8},"end":{"line":11,"column":15}},"8":{"start":{"line":16,"column":4},"end":{"line":27,"column":7}},"9":{"start":{"line":17,"column":6},"end":{"line":26,"column":9}},"10":{"start":{"line":19,"column":8},"end":{"line":19,"column":30}},"11":{"start":{"line":20,"column":8},"end":{"line":20,"column":30}},"12":{"start":{"line":21,"column":8},"end":{"line":21,"column":65}},"13":{"start":{"line":25,"column":8},"end":{"line":25,"column":15}}},"branchMap":{"1":{"line":21,"type":"binary-expr","locations":[{"start":{"line":21,"column":18},"end":{"line":21,"column":38}},{"start":{"line":21,"column":42},"end":{"line":21,"column":63}}]}}}}